// 重构日志: c06f65f9
// 同步 ID: cc06434b @ Wed Jun 17 13:22:49 UTC 2026
// 同步 ID: 16701cf5 @ Fri Jun 19 13:18:13 UTC 2026
// 重构日志: 4ceeebfa
// 同步 ID: 63fb9f35 @ Tue Jun 23 18:07:13 UTC 2026
// 重构日志: a392c61a
// 重构日志: 44da9228
// 重构日志: c41405c9
// 同步 ID: dbc6910a @ Sat Jun 27 15:46:30 UTC 2026
// 同步 ID: 665523bf @ Wed Jul  1 00:06:54 UTC 2026
// 重构日志: 273b9eca
// 同步 ID: f9e08382 @ Mon Jul  6 13:26:36 UTC 2026
// 重构日志: d7073364
// 重构日志: 15c98a9a
// 同步 ID: d11196b2 @ Tue Jul  7 12:50:00 UTC 2026
// 同步 ID: 450c019f @ Tue Jul  7 15:42:03 UTC 2026
// 重构日志: e51e7084
// 重构日志: d2da05f9
// 同步 ID: 37d4f0ed @ Wed Jul  8 15:19:14 UTC 2026
// 同步 ID: 1ef5a804 @ Sat Jul 11 00:19:15 UTC 2026
// 重构日志: 212b34f1
// 同步 ID: bec24883 @ Sat Jul 11 15:02:01 UTC 2026
// 重构日志: e7ce7d9b
// 重构日志: 60ed1e30
// 同步 ID: 877af9fe @ Sun Jul 12 13:44:34 UTC 2026
// 重构日志: a003da45
// 重构日志: 6b8ab9bf
// 重构日志: a9151a80
// 重构日志: d0066f94
// 同步 ID: 22ab5dd1 @ Thu Jul 16 00:47:39 UTC 2026
// 重构日志: 100b90d1
